<?xml version="1.0" encoding="UTF-8"?>
<testsuite xmlns:xsi="http://www.w3.org/2001/XMLSchema-instance" xsi:noNamespaceSchemaLocation="https://maven.apache.org/surefire/maven-surefire-plugin/xsd/surefire-test-report-3.0.xsd" version="3.0" name="com.mthree.flooringmastery.service.FlooringServiceImplTest" time="0.042" tests="2" errors="0" skipped="0" failures="0">
  <properties>
[...]
</properties>
  <testcase name="testThrowsExceptionForInvalidProduct" classname="com.mthree.flooringmastery.service.FlooringServiceImplTest" time="0.024">
    <system-out><![CDATA[âœ… Exception correctly thrown for invalid product type.
]]></system-out>
  </testcase>
  <testcase name="testCreateOrderCalculations" classname="com.mthree.flooringmastery.service.FlooringServiceImplTest" time="0.002">
    <system-out><![CDATA[
----- TEST: Create Order Calculations -----
Customer: John
State: TX
Product: Tile
Area: 100
Total: 799.042500
-------------------------------------------
]]></system-out>
  </testcase>
</testsuite>